14:32:44:194 [ALWAYS]	GUDE Logging Started
14:32:44:195 [INFO]	SqliteResumeCache::SqliteResumeCache basedirectory is null/empty
14:32:44:195 [ERROR]	SqliteResumeCache::CreateSqliteResumeCache creating resume cache pointer failure
14:32:44:195 [ERROR]	Initialize resume cache pointer failure
14:32:44:195 [INFO]	gude policy POLICY_USER limit (2,2,1) chunk 2097152, chunking (UL 0 DL 1), resXfer 1, adapt 0, NSURL 0, timeout 86400 
14:32:44:195 [INFO]	Initialized -- gude-lib version: v0.12.1 app: gude
14:32:49:913 [WARN]	Ignoring attempt to reinit logging to \gude at level 4 retaining 3 days of logs
14:32:49:913 [INFO]	SqliteResumeCache::SqliteResumeCache basedirectory is null/empty
14:32:49:913 [ERROR]	SqliteResumeCache::CreateSqliteResumeCache creating resume cache pointer failure
14:32:49:913 [ERROR]	Initialize resume cache pointer failure
14:32:49:913 [INFO]	gude policy POLICY_USER limit (4,4,1) chunk 2097152, chunking (UL 0 DL 1), resXfer 1, adapt 0, NSURL 1, timeout 86400 
14:32:49:913 [INFO]	Initialized -- gude-lib version: v0.12.1 app: gude
15:56:19:582 [ALWAYS]	GUDE Logging Started
15:56:19:582 [INFO]	SqliteResumeCache::SqliteResumeCache basedirectory is null/empty
15:56:19:582 [ERROR]	SqliteResumeCache::CreateSqliteResumeCache creating resume cache pointer failure
15:56:19:582 [ERROR]	Initialize resume cache pointer failure
15:56:19:582 [INFO]	gude policy POLICY_USER limit (2,2,1) chunk 2097152, chunking (UL 0 DL 1), resXfer 1, adapt 0, NSURL 0, timeout 86400 
15:56:19:582 [INFO]	Initialized -- gude-lib version: v0.12.1 app: gude
15:56:25:280 [WARN]	Ignoring attempt to reinit logging to \gude at level 4 retaining 3 days of logs
15:56:25:280 [INFO]	SqliteResumeCache::SqliteResumeCache basedirectory is null/empty
15:56:25:280 [ERROR]	SqliteResumeCache::CreateSqliteResumeCache creating resume cache pointer failure
15:56:25:280 [ERROR]	Initialize resume cache pointer failure
15:56:25:281 [INFO]	gude policy POLICY_USER limit (4,4,1) chunk 2097152, chunking (UL 0 DL 1), resXfer 1, adapt 0, NSURL 1, timeout 86400 
15:56:25:281 [INFO]	Initialized -- gude-lib version: v0.12.1 app: gude
